TN:
SF:script/DeployBasicNft.s.sol
FN:8,DeployBasicNft.run
FNDA:2,DeployBasicNft.run
DA:9,2
DA:10,2
DA:11,2
DA:12,2
FNF:1
FNH:1
LF:4
LH:4
BRF:0
BRH:0
end_of_record
TN:
SF:script/Interactions.s.sol
FN:12,MintBasicNft.run
FNDA:0,MintBasicNft.run
DA:13,0
DA:17,0
FN:20,MintBasicNft.mintNftOnContract
FNDA:0,MintBasicNft.mintNftOnContract
DA:21,0
DA:22,0
DA:23,0
FNF:2
FNH:0
LF:5
LH:0
BRF:0
BRH:0
end_of_record
TN:
SF:src/BasicNft.sol
FN:10,BasicNft.
FNDA:2,BasicNft.
DA:11,2
FN:14,BasicNft.mintNFT
FNDA:1,BasicNft.mintNFT
DA:15,1
DA:16,1
DA:17,1
FN:20,BasicNft.tokenUri
FNDA:1,BasicNft.tokenUri
DA:21,1
FNF:3
FNH:3
LF:5
LH:5
BRF:0
BRH:0
end_of_record
TN:
SF:src/MoodNft.sol
FN:19,MoodNft.
FNDA:0,MoodNft.
DA:23,0
DA:24,0
DA:25,0
FN:28,MoodNft.mintNft
FNDA:1,MoodNft.mintNft
DA:29,1
DA:30,1
DA:31,1
FN:34,MoodNft._baseURI
FNDA:1,MoodNft._baseURI
DA:35,1
FN:38,MoodNft.tokenURI
FNDA:1,MoodNft.tokenURI
DA:41,1
DA:44,1
DA:45,1
DA:46,0
BRDA:46,0,0,-
BRDA:43,0,1,1
DA:47,0
DA:49,1
DA:52,1
FNF:4
FNH:3
LF:14
LH:9
BRF:2
BRH:1
end_of_record
